This file contains any messages produced by compilers while
running configure, to aid debugging if configure makes a mistake.

It was created by motion configure "3.2.11.1", which was
generated by GNU Autoconf 2.61.  Invocation command line was

  $ ./configure --prefix=/usr --bindir=${prefix}/bin --build=i486-linux-gnu --host=i486-linux-gnu --datadir=${prefix}/share --mandir=${datadir}/man --infodir=${datadir}/info --sysconfdir=/etc/motion --with-ffmpeg --with-mysql --with-pgsql --without-optimizecpu --without-jpeg-mmx

## --------- ##
## Platform. ##
## --------- ##

hostname = gon
uname -m = i686
uname -r = 2.6.26-2-686
uname -s = Linux
uname -v = #1 SMP Wed Feb 10 08:59:21 UTC 2010

/usr/bin/uname -p = unknown
/bin/uname -X     = unknown

/bin/arch              = unknown
/usr/bin/arch -k       = unknown
/usr/convex/getsysinfo = unknown
/usr/bin/hostinfo      = unknown
/bin/machine           = unknown
/usr/bin/oslevel       = unknown
/bin/universe          = unknown

PATH: /usr/local/bin
PATH: /usr/bin
PATH: /bin
PATH: /usr/games


## ----------- ##
## Core tests. ##
## ----------- ##

configure:1774: checking for Darwin
configure:1779: result: no
configure:1781: checking for *BSD
configure:1786: result: no
configure:1840: checking for i486-linux-gnu-gcc
configure:1856: found /usr/bin/i486-linux-gnu-gcc
configure:1867: result: i486-linux-gnu-gcc
configure:2145: checking for C compiler version
configure:2152: i486-linux-gnu-gcc --version >&5
i486-linux-gnu-gcc (Debian 4.3.2-1.1) 4.3.2
Copyright (C) 2008 Free Software Foundation, Inc.
This is free software; see the source for copying conditions.  There is NO
warranty; not even for MERCHANTABILITY or FITNESS FOR A PARTICULAR PURPOSE.

configure:2155: $? = 0
configure:2162: i486-linux-gnu-gcc -v >&5
Using built-in specs.
Target: i486-linux-gnu
Configured with: ../src/configure -v --with-pkgversion='Debian 4.3.2-1.1' --with-bugurl=file:///usr/share/doc/gcc-4.3/README.Bugs --enable-languages=c,c++,fortran,objc,obj-c++ --prefix=/usr --enable-shared --with-system-zlib --libexecdir=/usr/lib --without-included-gettext --enable-threads=posix --enable-nls --with-gxx-include-dir=/usr/include/c++/4.3 --program-suffix=-4.3 --enable-clocale=gnu --enable-libstdcxx-debug --enable-objc-gc --enable-mpfr --enable-targets=all --enable-cld --enable-checking=release --build=i486-linux-gnu --host=i486-linux-gnu --target=i486-linux-gnu
Thread model: posix
gcc version 4.3.2 (Debian 4.3.2-1.1) 
configure:2165: $? = 0
configure:2172: i486-linux-gnu-gcc -V >&5
i486-linux-gnu-gcc: '-V' option must have argument
configure:2175: $? = 1
configure:2198: checking for C compiler default output file name
configure:2225: i486-linux-gnu-gcc -Wall -g -O2  -Wl,--as-needed conftest.c  >&5
configure:2228: $? = 0
configure:2266: result: a.out
configure:2283: checking whether the C compiler works
configure:2293: ./a.out
configure:2296: $? = 0
configure:2313: result: yes
configure:2320: checking whether we are cross compiling
configure:2322: result: no
configure:2325: checking for suffix of executables
configure:2332: i486-linux-gnu-gcc -o conftest -Wall -g -O2  -Wl,--as-needed conftest.c  >&5
configure:2335: $? = 0
configure:2359: result: 
configure:2365: checking for suffix of object files
configure:2391: i486-linux-gnu-gcc -c -Wall -g -O2  conftest.c >&5
configure:2394: $? = 0
configure:2417: result: o
configure:2421: checking whether we are using the GNU C compiler
configure:2450: i486-linux-gnu-gcc -c -Wall -g -O2  conftest.c >&5
configure:2456: $? = 0
configure:2473: result: yes
configure:2478: checking whether i486-linux-gnu-gcc accepts -g
configure:2508: i486-linux-gnu-gcc -c -g  conftest.c >&5
configure:2514: $? = 0
configure:2613: result: yes
configure:2630: checking for i486-linux-gnu-gcc option to accept ISO C89
configure:2704: i486-linux-gnu-gcc  -c -Wall -g -O2  conftest.c >&5
configure:2710: $? = 0
configure:2733: result: none needed
configure:2861: checking threads
configure:2887: i486-linux-gnu-gcc -o conftest -Wall -g -O2  -Wl,--as-needed conftest.c  >&5
conftest.c: In function 'main':
conftest.c:13: warning: null argument where non-null required (argument 1)
conftest.c:14: warning: null argument where non-null required (argument 1)
conftest.c:14: warning: null argument where non-null required (argument 3)
conftest.c:12: warning: 'th' is used uninitialized in this function
/tmp/ccx5nbrf.o: In function `main':
/home/jam/pkgs/motion/motion-3.2.11.1/conftest.c:12: undefined reference to `pthread_join'
/home/jam/pkgs/motion/motion-3.2.11.1/conftest.c:13: undefined reference to `__pthread_register_cancel'
/home/jam/pkgs/motion/motion-3.2.11.1/conftest.c:14: undefined reference to `pthread_create'
/home/jam/pkgs/motion/motion-3.2.11.1/conftest.c:14: undefined reference to `__pthread_unregister_cancel'
collect2: ld returned 1 exit status
configure:2893: $? = 1
configure: failed program was:
| /* confdefs.h.  */
| #define PACKAGE_NAME "motion"
| #define PACKAGE_TARNAME "motion"
| #define PACKAGE_VERSION ""3.2.11.1""
| #define PACKAGE_STRING "motion "3.2.11.1""
| #define PACKAGE_BUGREPORT ""
| /* end confdefs.h.  */
| #include <pthread.h>
| int
| main ()
| {
| pthread_t th; pthread_join(th, 0);
|  pthread_attr_init(0); pthread_cleanup_push(0, 0);
|  pthread_create(0,0,0,0); pthread_cleanup_pop(0);
|   ;
|   return 0;
| }
configure:2921: result: yes
configure:2950: checking for libjpeg-mmx
configure:2952: result: skipping
configure:3070: checking for libjpeg
configure:3074: checking for jpeg_set_defaults in -ljpeg
configure:3109: i486-linux-gnu-gcc -o conftest -Wall -g -O2   -Wl,--as-needed conftest.c -ljpeg   >&5
configure:3115: $? = 0
configure:3133: result: yes
configure:3178: checking for ffmpeg autodetecting
configure:3188: result: found in /usr/lib
configure:3249: checking for ffmpeg headers in /usr
configure:3269: result: found /usr/include/ffmpeg/libavformat/avformat.h
configure:3298: checking file_protocol is defined in ffmpeg ?
configure:3321: i486-linux-gnu-gcc -c -I/usr/include/ffmpeg -DFFMPEG_NEW_INCLUDES  conftest.c >&5
conftest.c:2:25: error: avformat.h: No such file or directory
conftest.c:3: error: expected '=', ',', ';', 'asm' or '__attribute__' before 'test_file_protocol'
conftest.c: In function 'main':
conftest.c:5: error: 'test_file_protocol' undeclared (first use in this function)
conftest.c:5: error: (Each undeclared identifier is reported only once
conftest.c:5: error: for each function it appears in.)
conftest.c:5: error: 'file_protocol' undeclared (first use in this function)
configure:3327: $? = 1
configure: failed program was:
| 
| 			#include <avformat.h>
| 			URLProtocol test_file_protocol;
| 			int main(void){
| 				test_file_protocol.url_read  = file_protocol.url_read;
| 				return 0;
| 			}
| 
configure:3339: result: no
configure:3363: checking for mysql support
configure:3399: result: testing
configure:3404: checking autodect mysql headers
configure:3444: result: yes
configure:3454: checking autodect mysql libs
configure:3494: result: /usr/lib
configure:3501: checking for mysql_init in -lmysqlclient
configure:3536: i486-linux-gnu-gcc -o conftest -I/usr/include/mysql   -Wl,--as-needed conftest.c -lmysqlclient  -L/usr/lib >&5
configure:3542: $? = 0
configure:3560: result: yes
configure:3627: checking for PostgreSQL
configure:3634: result: testing
configure:3640: checking autodect pgsql headers
configure:3670: result: yes /usr/include/postgresql
configure:3680: checking autodect pgsql libs
configure:3698: result: /usr/lib
configure:3726: checking for PQconnectStart in -lpq
configure:3761: i486-linux-gnu-gcc -o conftest -I/usr/include/postgresql   -Wl,--as-needed conftest.c -lpq  -L/usr/lib >&5
configure:3767: $? = 0
configure:3785: result: yes
configure:3821: checking how to run the C preprocessor
configure:3861: i486-linux-gnu-gcc -E  conftest.c
configure:3867: $? = 0
configure:3898: i486-linux-gnu-gcc -E  conftest.c
conftest.c:10:28: error: ac_nonexistent.h: No such file or directory
configure:3904: $? = 1
configure: failed program was:
| /* confdefs.h.  */
| #define PACKAGE_NAME "motion"
| #define PACKAGE_TARNAME "motion"
| #define PACKAGE_VERSION ""3.2.11.1""
| #define PACKAGE_STRING "motion "3.2.11.1""
| #define PACKAGE_BUGREPORT ""
| #define HAVE_MYSQL 1
| #define HAVE_PGSQL 1
| /* end confdefs.h.  */
| #include <ac_nonexistent.h>
configure:3937: result: i486-linux-gnu-gcc -E
configure:3966: i486-linux-gnu-gcc -E  conftest.c
configure:3972: $? = 0
configure:4003: i486-linux-gnu-gcc -E  conftest.c
conftest.c:10:28: error: ac_nonexistent.h: No such file or directory
configure:4009: $? = 1
configure: failed program was:
| /* confdefs.h.  */
| #define PACKAGE_NAME "motion"
| #define PACKAGE_TARNAME "motion"
| #define PACKAGE_VERSION ""3.2.11.1""
| #define PACKAGE_STRING "motion "3.2.11.1""
| #define PACKAGE_BUGREPORT ""
| #define HAVE_MYSQL 1
| #define HAVE_PGSQL 1
| /* end confdefs.h.  */
| #include <ac_nonexistent.h>
configure:4047: checking for grep that handles long lines and -e
configure:4121: result: /bin/grep
configure:4126: checking for egrep
configure:4204: result: /bin/grep -E
configure:4209: checking for ANSI C header files
configure:4239: i486-linux-gnu-gcc -c -Wall -g -O2  conftest.c >&5
configure:4245: $? = 0
configure:4344: i486-linux-gnu-gcc -o conftest -Wall -g -O2   conftest.c  >&5
configure:4347: $? = 0
configure:4353: ./conftest
configure:4356: $? = 0
configure:4373: result: yes
configure:4397: checking for sys/types.h
configure:4418: i486-linux-gnu-gcc -c -Wall -g -O2  conftest.c >&5
configure:4424: $? = 0
configure:4440: result: yes
configure:4397: checking for sys/stat.h
configure:4418: i486-linux-gnu-gcc -c -Wall -g -O2  conftest.c >&5
configure:4424: $? = 0
configure:4440: result: yes
configure:4397: checking for stdlib.h
configure:4418: i486-linux-gnu-gcc -c -Wall -g -O2  conftest.c >&5
configure:4424: $? = 0
configure:4440: result: yes
configure:4397: checking for string.h
configure:4418: i486-linux-gnu-gcc -c -Wall -g -O2  conftest.c >&5
configure:4424: $? = 0
configure:4440: result: yes
configure:4397: checking for memory.h
configure:4418: i486-linux-gnu-gcc -c -Wall -g -O2  conftest.c >&5
configure:4424: $? = 0
configure:4440: result: yes
configure:4397: checking for strings.h
configure:4418: i486-linux-gnu-gcc -c -Wall -g -O2  conftest.c >&5
configure:4424: $? = 0
configure:4440: result: yes
configure:4397: checking for inttypes.h
configure:4418: i486-linux-gnu-gcc -c -Wall -g -O2  conftest.c >&5
configure:4424: $? = 0
configure:4440: result: yes
configure:4397: checking for stdint.h
configure:4418: i486-linux-gnu-gcc -c -Wall -g -O2  conftest.c >&5
configure:4424: $? = 0
configure:4440: result: yes
configure:4397: checking for unistd.h
configure:4418: i486-linux-gnu-gcc -c -Wall -g -O2  conftest.c >&5
configure:4424: $? = 0
configure:4440: result: yes
configure:4478: checking stdio.h usability
configure:4495: i486-linux-gnu-gcc -c -Wall -g -O2  conftest.c >&5
configure:4501: $? = 0
configure:4515: result: yes
configure:4519: checking stdio.h presence
configure:4534: i486-linux-gnu-gcc -E  conftest.c
configure:4540: $? = 0
configure:4554: result: yes
configure:4582: checking for stdio.h
configure:4590: result: yes
configure:4468: checking for unistd.h
configure:4474: result: yes
configure:4468: checking for stdint.h
configure:4474: result: yes
configure:4478: checking fcntl.h usability
configure:4495: i486-linux-gnu-gcc -c -Wall -g -O2  conftest.c >&5
configure:4501: $? = 0
configure:4515: result: yes
configure:4519: checking fcntl.h presence
configure:4534: i486-linux-gnu-gcc -E  conftest.c
configure:4540: $? = 0
configure:4554: result: yes
configure:4582: checking for fcntl.h
configure:4590: result: yes
configure:4478: checking time.h usability
configure:4495: i486-linux-gnu-gcc -c -Wall -g -O2  conftest.c >&5
configure:4501: $? = 0
configure:4515: result: yes
configure:4519: checking time.h presence
configure:4534: i486-linux-gnu-gcc -E  conftest.c
configure:4540: $? = 0
configure:4554: result: yes
configure:4582: checking for time.h
configure:4590: result: yes
configure:4478: checking signal.h usability
configure:4495: i486-linux-gnu-gcc -c -Wall -g -O2  conftest.c >&5
configure:4501: $? = 0
configure:4515: result: yes
configure:4519: checking signal.h presence
configure:4534: i486-linux-gnu-gcc -E  conftest.c
configure:4540: $? = 0
configure:4554: result: yes
configure:4582: checking for signal.h
configure:4590: result: yes
configure:4478: checking sys/ioctl.h usability
configure:4495: i486-linux-gnu-gcc -c -Wall -g -O2  conftest.c >&5
configure:4501: $? = 0
configure:4515: result: yes
configure:4519: checking sys/ioctl.h presence
configure:4534: i486-linux-gnu-gcc -E  conftest.c
configure:4540: $? = 0
configure:4554: result: yes
configure:4582: checking for sys/ioctl.h
configure:4590: result: yes
configure:4478: checking sys/mman.h usability
configure:4495: i486-linux-gnu-gcc -c -Wall -g -O2  conftest.c >&5
configure:4501: $? = 0
configure:4515: result: yes
configure:4519: checking sys/mman.h presence
configure:4534: i486-linux-gnu-gcc -E  conftest.c
configure:4540: $? = 0
configure:4554: result: yes
configure:4582: checking for sys/mman.h
configure:4590: result: yes
configure:4478: checking linux/videodev.h usability
configure:4495: i486-linux-gnu-gcc -c -Wall -g -O2  conftest.c >&5
configure:4501: $? = 0
configure:4515: result: yes
configure:4519: checking linux/videodev.h presence
configure:4534: i486-linux-gnu-gcc -E  conftest.c
configure:4540: $? = 0
configure:4554: result: yes
configure:4582: checking for linux/videodev.h
configure:4590: result: yes
configure:4478: checking linux/videodev2.h usability
configure:4495: i486-linux-gnu-gcc -c -Wall -g -O2  conftest.c >&5
configure:4501: $? = 0
configure:4515: result: yes
configure:4519: checking linux/videodev2.h presence
configure:4534: i486-linux-gnu-gcc -E  conftest.c
configure:4540: $? = 0
configure:4554: result: yes
configure:4582: checking for linux/videodev2.h
configure:4590: result: yes
configure:4478: checking sys/param.h usability
configure:4495: i486-linux-gnu-gcc -c -Wall -g -O2  conftest.c >&5
configure:4501: $? = 0
configure:4515: result: yes
configure:4519: checking sys/param.h presence
configure:4534: i486-linux-gnu-gcc -E  conftest.c
configure:4540: $? = 0
configure:4554: result: yes
configure:4582: checking for sys/param.h
configure:4590: result: yes
configure:4468: checking for sys/types.h
configure:4474: result: yes
configure:4608: checking for get_current_dir_name
configure:4664: i486-linux-gnu-gcc -o conftest -Wall -g -O2   conftest.c  >&5
configure:4670: $? = 0
configure:4688: result: yes
configure:4710: checking for struct v4l2_buffer
configure:4742: i486-linux-gnu-gcc -c -Wall -g -O2  conftest.c >&5
configure:4748: $? = 0
configure:4763: result: yes
configure:4772: checking for V42L support
configure:4775: result: yes
configure:4859: checking for short
configure:4889: i486-linux-gnu-gcc -c -Wall -g -O2  conftest.c >&5
configure:4895: $? = 0
configure:4910: result: yes
configure:4917: checking size of short
configure:5219: i486-linux-gnu-gcc -o conftest -Wall -g -O2   conftest.c  >&5
configure:5222: $? = 0
configure:5228: ./conftest
configure:5231: $? = 0
configure:5254: result: 2
configure:5264: checking for int
configure:5294: i486-linux-gnu-gcc -c -Wall -g -O2  conftest.c >&5
configure:5300: $? = 0
configure:5315: result: yes
configure:5322: checking size of int
configure:5624: i486-linux-gnu-gcc -o conftest -Wall -g -O2   conftest.c  >&5
configure:5627: $? = 0
configure:5633: ./conftest
configure:5636: $? = 0
configure:5659: result: 4
configure:5669: checking for long int
configure:5699: i486-linux-gnu-gcc -c -Wall -g -O2  conftest.c >&5
configure:5705: $? = 0
configure:5720: result: yes
configure:5727: checking size of long int
configure:6029: i486-linux-gnu-gcc -o conftest -Wall -g -O2   conftest.c  >&5
configure:6032: $? = 0
configure:6038: ./conftest
configure:6041: $? = 0
configure:6064: result: 4
configure:6074: checking for long long
configure:6104: i486-linux-gnu-gcc -c -Wall -g -O2  conftest.c >&5
configure:6110: $? = 0
configure:6125: result: yes
configure:6132: checking size of long long
configure:6434: i486-linux-gnu-gcc -o conftest -Wall -g -O2   conftest.c  >&5
configure:6437: $? = 0
configure:6443: ./conftest
configure:6446: $? = 0
configure:6469: result: 8
configure:6479: checking for int *
configure:6509: i486-linux-gnu-gcc -c -Wall -g -O2  conftest.c >&5
configure:6515: $? = 0
configure:6530: result: yes
configure:6537: checking size of int *
configure:6839: i486-linux-gnu-gcc -o conftest -Wall -g -O2   conftest.c  >&5
configure:6842: $? = 0
configure:6848: ./conftest
configure:6851: $? = 0
configure:6874: result: 4
configure:6884: checking for void *
configure:6914: i486-linux-gnu-gcc -c -Wall -g -O2  conftest.c >&5
configure:6920: $? = 0
configure:6935: result: yes
configure:6942: checking size of void *
configure:7244: i486-linux-gnu-gcc -o conftest -Wall -g -O2   conftest.c  >&5
configure:7247: $? = 0
configure:7253: ./conftest
configure:7256: $? = 0
configure:7279: result: 4
configure:7324: checking for an ANSI C-conforming const
configure:7399: i486-linux-gnu-gcc -c -Wall -g -O2  conftest.c >&5
conftest.c: In function 'main':
conftest.c:68: warning: 't' is used uninitialized in this function
conftest.c:84: warning: 'b' may be used uninitialized in this function
conftest.c:90: warning: 'cs[0]' is used uninitialized in this function
configure:7405: $? = 0
configure:7420: result: yes
configure:7648: checking for bswap instruction
configure:7675: i486-linux-gnu-gcc -o conftest -Wall -g -O2   conftest.c  >&5
configure:7681: $? = 0
configure:7689: result: yes
configure:7839: creating ./config.status

## ---------------------- ##
## Running config.status. ##
## ---------------------- ##

This file was extended by motion config.status 3.2.11.1, which was
generated by GNU Autoconf 2.61.  Invocation command line was

  CONFIG_FILES    = 
  CONFIG_HEADERS  = 
  CONFIG_LINKS    = 
  CONFIG_COMMANDS = 
  $ ./config.status 

on gon

config.status:604: creating thread1.conf
config.status:604: creating thread2.conf
config.status:604: creating thread3.conf
config.status:604: creating thread4.conf
config.status:604: creating motion-dist.conf
config.status:604: creating motion.init-FreeBSD.sh
config.status:604: creating motion.init-Debian
config.status:604: creating motion.init-RH
config.status:604: creating motion.spec
config.status:604: creating Makefile
config.status:604: creating config.h

## ---------------- ##
## Cache variables. ##
## ---------------- ##

ac_cv_c_compiler_gnu=yes
ac_cv_c_const=yes
ac_cv_env_CC_set=
ac_cv_env_CC_value=
ac_cv_env_CFLAGS_set=set
ac_cv_env_CFLAGS_value='-Wall -g -O2'
ac_cv_env_CPPFLAGS_set=set
ac_cv_env_CPPFLAGS_value=
ac_cv_env_CPP_set=
ac_cv_env_CPP_value=
ac_cv_env_LDFLAGS_set=set
ac_cv_env_LDFLAGS_value=-Wl,--as-needed
ac_cv_env_LIBS_set=
ac_cv_env_LIBS_value=
ac_cv_env_build_alias_set=set
ac_cv_env_build_alias_value=i486-linux-gnu
ac_cv_env_host_alias_set=set
ac_cv_env_host_alias_value=i486-linux-gnu
ac_cv_env_target_alias_set=
ac_cv_env_target_alias_value=
ac_cv_func_get_current_dir_name=yes
ac_cv_header_fcntl_h=yes
ac_cv_header_inttypes_h=yes
ac_cv_header_linux_videodev2_h=yes
ac_cv_header_linux_videodev_h=yes
ac_cv_header_memory_h=yes
ac_cv_header_signal_h=yes
ac_cv_header_stdc=yes
ac_cv_header_stdint_h=yes
ac_cv_header_stdio_h=yes
ac_cv_header_stdlib_h=yes
ac_cv_header_string_h=yes
ac_cv_header_strings_h=yes
ac_cv_header_sys_ioctl_h=yes
ac_cv_header_sys_mman_h=yes
ac_cv_header_sys_param_h=yes
ac_cv_header_sys_stat_h=yes
ac_cv_header_sys_types_h=yes
ac_cv_header_time_h=yes
ac_cv_header_unistd_h=yes
ac_cv_lib_jpeg_jpeg_set_defaults=yes
ac_cv_lib_mysqlclient_mysql_init=yes
ac_cv_lib_pq_PQconnectStart=yes
ac_cv_objext=o
ac_cv_path_EGREP='/bin/grep -E'
ac_cv_path_GREP=/bin/grep
ac_cv_prog_CC=i486-linux-gnu-gcc
ac_cv_prog_CPP='i486-linux-gnu-gcc -E'
ac_cv_prog_cc_c89=
ac_cv_prog_cc_g=yes
ac_cv_sizeof_int=4
ac_cv_sizeof_int_p=4
ac_cv_sizeof_long_int=4
ac_cv_sizeof_long_long=8
ac_cv_sizeof_short=2
ac_cv_sizeof_void_p=4
ac_cv_type_int=yes
ac_cv_type_int_p=yes
ac_cv_type_long_int=yes
ac_cv_type_long_long=yes
ac_cv_type_short=yes
ac_cv_type_struct_v4l2_buffer=yes
ac_cv_type_void_p=yes

## ----------------- ##
## Output variables. ##
## ----------------- ##

BIN_PATH='/usr/bin'
CC='i486-linux-gnu-gcc'
CFLAGS=' -Wall -g -O2 -D_REENTRANT -DHAVE_FFMPEG -I/usr/include/ffmpeg -DFFMPEG_NEW_INCLUDES -DHAVE_FFMPEG_NEW -I/usr/include/mysql -I/usr/include/postgresql -DMOTION_V4L2 -DTYPE_32BIT="int" -DHAVE_BSWAP   '
CPP='i486-linux-gnu-gcc -E'
CPPFLAGS=''
DEFS='-DHAVE_CONFIG_H'
DOC_DIR=''
ECHO_C=''
ECHO_N='-n'
ECHO_T=''
EGREP='/bin/grep -E'
EXEEXT=''
FFMPEG_OBJ='ffmpeg.o'
GREP='/bin/grep'
LDFLAGS=' -Wl,--as-needed -L/usr/lib'
LIBOBJS=''
LIBS='-lm  -lpthread -ljpeg -L/usr/lib -lavformat -lavcodec -lavutil -lm -lz -L/usr/lib -lmysqlclient -lz -L/usr/lib -lpq'
LTLIBOBJS=''
OBJEXT='o'
PACKAGE_BUGREPORT=''
PACKAGE_NAME='motion'
PACKAGE_STRING='motion "3.2.11.1"'
PACKAGE_TARNAME='motion'
PACKAGE_VERSION='"3.2.11.1"'
PATH_SEPARATOR=':'
SHELL='/bin/sh'
VIDEO='video.o video2.o video_common.o'
ac_ct_CC=''
bindir='${prefix}/bin'
build_alias='i486-linux-gnu'
datadir='${prefix}/share'
datarootdir='${prefix}/share'
docdir='${datarootdir}/doc/${PACKAGE_TARNAME}'
dvidir='${docdir}'
exec_prefix='${prefix}'
host_alias='i486-linux-gnu'
htmldir='${docdir}'
includedir='${prefix}/include'
infodir='${datadir}/info'
libdir='${exec_prefix}/lib'
libexecdir='${exec_prefix}/libexec'
localedir='${datarootdir}/locale'
localstatedir='${prefix}/var'
mandir='${datadir}/man'
oldincludedir='/usr/include'
pdfdir='${docdir}'
prefix='/usr'
program_transform_name='s,x,x,'
psdir='${docdir}'
sbindir='${exec_prefix}/sbin'
sharedstatedir='${prefix}/com'
sysconfdir='/etc/motion'
target_alias=''

## ----------- ##
## confdefs.h. ##
## ----------- ##

#define PACKAGE_NAME "motion"
#define PACKAGE_TARNAME "motion"
#define PACKAGE_VERSION ""3.2.11.1""
#define PACKAGE_STRING "motion "3.2.11.1""
#define PACKAGE_BUGREPORT ""
#define HAVE_MYSQL 1
#define HAVE_PGSQL 1
#define STDC_HEADERS 1
#define HAVE_SYS_TYPES_H 1
#define HAVE_SYS_STAT_H 1
#define HAVE_STDLIB_H 1
#define HAVE_STRING_H 1
#define HAVE_MEMORY_H 1
#define HAVE_STRINGS_H 1
#define HAVE_INTTYPES_H 1
#define HAVE_STDINT_H 1
#define HAVE_UNISTD_H 1
#define HAVE_STDIO_H 1
#define HAVE_UNISTD_H 1
#define HAVE_STDINT_H 1
#define HAVE_FCNTL_H 1
#define HAVE_TIME_H 1
#define HAVE_SIGNAL_H 1
#define HAVE_SYS_IOCTL_H 1
#define HAVE_SYS_MMAN_H 1
#define HAVE_LINUX_VIDEODEV_H 1
#define HAVE_LINUX_VIDEODEV2_H 1
#define HAVE_SYS_PARAM_H 1
#define HAVE_SYS_TYPES_H 1
#define HAVE_GET_CURRENT_DIR_NAME 1
#define SIZEOF_SHORT 2
#define SIZEOF_INT 4
#define SIZEOF_LONG_INT 4
#define SIZEOF_LONG_LONG 8
#define SIZEOF_INT_P 4
#define SIZEOF_VOID_P 4

configure: exit 0
